<?xml version="1.0" encoding="UTF-8"?>
<testng-results ignored="0" total="1" passed="1" failed="0" skipped="0">
  <reporter-output>
  </reporter-output>
  <suite started-at="2022-08-16T17:33:19Z" name="Default suite" finished-at="2022-08-16T17:33:27Z" duration-ms="8304">
    <groups>
      <group name="cucumber">
        <method signature="AbstractTestNGCucumberTests.feature(cucumber.api.testng.CucumberFeatureWrapper)[pri:0, instance:Testrunner.TestrunnerTestNG$TestRunner@1b8a29df]" name="feature" class="cucumber.api.testng.AbstractTestNGCucumberTests"/>
      </group> <!-- cucumber -->
    </groups>
    <test started-at="2022-08-16T17:33:19Z" name="Default test" finished-at="2022-08-16T17:33:27Z" duration-ms="8304">
      <class name="Testrunner.TestrunnerTestNG$TestRunner">
        <test-method is-config="true" signature="setUpClass()[pri:0, instance:Testrunner.TestrunnerTestNG$TestRunner@1b8a29df]" started-at="2022-08-16T12:33:19Z" name="setUpClass" finished-at="2022-08-16T12:33:19Z" duration-ms="192" status="PASS">
          <reporter-output>
          </reporter-output>
        </test-method> <!-- setUpClass -->
        <test-method signature="feature(cucumber.api.testng.CucumberFeatureWrapper)[pri:0, instance:Testrunner.TestrunnerTestNG$TestRunner@1b8a29df]" started-at="2022-08-16T12:33:19Z" name="feature" description="Runs Cucumber Feature" data-provider="features" finished-at="2022-08-16T12:33:27Z" duration-ms="8031" status="PASS">
          <params>
            <param index="0">
              <value>
                <![CDATA[validate facebook sign up]]>
              </value>
            </param>
          </params>
          <reporter-output>
          </reporter-output>
        </test-method> <!-- feature -->
        <test-method is-config="true" signature="tearDownClass()[pri:0, instance:Testrunner.TestrunnerTestNG$TestRunner@1b8a29df]" started-at="2022-08-16T12:33:27Z" name="tearDownClass" finished-at="2022-08-16T12:33:27Z" duration-ms="5" status="PASS">
          <reporter-output>
          </reporter-output>
        </test-method> <!-- tearDownClass -->
      </class> <!-- Testrunner.TestrunnerTestNG$TestRunner -->
    </test> <!-- Default test -->
  </suite> <!-- Default suite -->
</testng-results>
